[byrushan.com/projects/mae/1-0/widgets.html]
[backblue.gif]
[fade.gif]
[index.html]
[byrushan.com/projects/mae/1-0/vendors/bower_components/fullcalendar/dist/fullcalendar.min.css]
[byrushan.com/projects/mae/1-0/vendors/bower_components/animate.css/animate.min.css]
[byrushan.com/projects/mae/1-0/vendors/bower_components/material-design-iconic-font/dist/css/material-design-iconic-font.min.css]
[byrushan.com/projects/mae/1-0/vendors/bower_components/malihu-custom-scrollbar-plugin/jquery.mCustomScrollbar.min.css]
[byrushan.com/projects/mae/1-0/vendors/bower_components/google-material-color/dist/palette.css]
[byrushan.com/projects/mae/1-0/css/app.min.1.css]
[byrushan.com/projects/mae/1-0/css/app.min.2.css]
[byrushan.com/projects/mae/1-0/index.html]
[byrushan.com/projects/mae/1-0/img/profile-pics/1.jpg]
[byrushan.com/projects/mae/1-0/profile-about.html]
[byrushan.com/projects/mae/1-0/img/profile-pics/5.jpg]
[byrushan.com/projects/mae/1-0/img/profile-pics/3.jpg]
[byrushan.com/projects/mae/1-0/img/profile-pics/4.jpg]
[byrushan.com/projects/mae/1-0/img/profile-pics/2.jpg]
[byrushan.com/projects/mae/1-0/alternative-header.html]
[byrushan.com/projects/mae/1-0/colored-header.html]
[byrushan.com/projects/mae/1-0/typography.html]
[byrushan.com/projects/mae/1-0/tables.html]
[byrushan.com/projects/mae/1-0/data-tables.html]
[byrushan.com/projects/mae/1-0/form-elements.html]
[byrushan.com/projects/mae/1-0/form-components.html]
[byrushan.com/projects/mae/1-0/form-examples.html]
[byrushan.com/projects/mae/1-0/form-validations.html]
[byrushan.com/projects/mae/1-0/colors.html]
[byrushan.com/projects/mae/1-0/animations.html]
[byrushan.com/projects/mae/1-0/box-shadow.html]
[byrushan.com/projects/mae/1-0/buttons.html]
[byrushan.com/projects/mae/1-0/icons.html]
[byrushan.com/projects/mae/1-0/alerts.html]
[byrushan.com/projects/mae/1-0/preloaders.html]
[byrushan.com/projects/mae/1-0/notification-dialog.html]
[byrushan.com/projects/mae/1-0/media.html]
[byrushan.com/projects/mae/1-0/components.html]
[byrushan.com/projects/mae/1-0/other-components.html]
[byrushan.com/projects/mae/1-0/flot-charts.html]
[byrushan.com/projects/mae/1-0/photos.html]
[byrushan.com/projects/mae/1-0/photo-timeline.html]
[byrushan.com/projects/mae/1-0/calendar.html]
[byrushan.com/projects/mae/1-0/generic-classes.html]
[byrushan.com/projects/mae/1-0/list-view.html]
[byrushan.com/projects/mae/1-0/messages.html]
[byrushan.com/projects/mae/1-0/pricing-table.html]
[byrushan.com/projects/mae/1-0/contacts.html]
[byrushan.com/projects/mae/1-0/wall.html]
[byrushan.com/projects/mae/1-0/invoice.html]
[byrushan.com/projects/mae/1-0/login.html]
[byrushan.com/projects/mae/1-0/lockscreen.html]
[byrushan.com/projects/mae/1-0/404.html]
[byrushan.com/projects/mae/1-0/img/headers/square/1.png]
[byrushan.com/projects/mae/1-0/img/headers/square/2.png]
[byrushan.com/projects/mae/1-0/img/headers/square/3.png]
[byrushan.com/projects/mae/1-0/img/headers/square/4.png]
[byrushan.com/projects/mae/1-0/img/headers/square/5.png]
[byrushan.com/projects/mae/1-0/img/headers/square/6.png]
[byrushan.com/projects/mae/1-0/img/headers/square/7.png]
[byrushan.com/projects/mae/1-0/img/headers/square/8.png]
[byrushan.com/projects/mae/1-0/img/headers/square/9.png]
[byrushan.com/projects/mae/1-0/img/demo/map.png]
[byrushan.com/projects/mae/1-0/img/demo/note.png]
[byrushan.com/projects/mae/1-0/img/headers/sm/6.png]
[byrushan.com/projects/mae/1-0/img/headers/sm/2.png]
[byrushan.com/projects/mae/1-0/img/headers/sm/4.png]
[byrushan.com/projects/mae/1-0/img/profile-pics/9.jpg]
[byrushan.com/projects/mae/1-0/img/profile-pics/7.jpg]
[byrushan.com/projects/mae/1-0/img/profile-pics/6.jpg]
[byrushan.com/projects/mae/1-0/img/profile-pics/8.jpg]
[byrushan.com/projects/mae/1-0/img/profile-pics/profile-pic.jpg]
[byrushan.com/projects/mae/1-0/img/headers/4.png]
[byrushan.com/projects/mae/1-0/vendors/bower_components/jquery/dist/jquery.min.js]
[byrushan.com/projects/mae/1-0/vendors/bower_components/bootstrap/dist/js/bootstrap.min.js]
[byrushan.com/projects/mae/1-0/vendors/bower_components/malihu-custom-scrollbar-plugin/jquery.mCustomScrollbar.concat.min.js]
[byrushan.com/projects/mae/1-0/vendors/bower_components/Waves/dist/waves.min.js]
[byrushan.com/projects/mae/1-0/vendors/bootstrap-growl/bootstrap-growl.min.js]
[byrushan.com/projects/mae/1-0/vendors/bower_components/flot/jquery.flot.js]
[byrushan.com/projects/mae/1-0/vendors/bower_components/flot/jquery.flot.resize.js]
[byrushan.com/projects/mae/1-0/vendors/bower_components/flot.curvedlines/curvedLines.js]
[byrushan.com/projects/mae/1-0/vendors/sparklines/jquery.sparkline.min.js]
[byrushan.com/projects/mae/1-0/vendors/bower_components/moment/min/moment.min.js]
[byrushan.com/projects/mae/1-0/vendors/bower_components/fullcalendar/dist/fullcalendar.min.js]
[byrushan.com/projects/mae/1-0/vendors/bower_components/simpleWeather/jquery.simpleWeather.min.js]
[byrushan.com/projects/mae/1-0/vendors/bower_components/jquery.easy-pie-chart/dist/jquery.easypiechart.min.js]
[byrushan.com/projects/mae/1-0/vendors/bower_components/autosize/dist/autosize.min.js]
[byrushan.com/projects/mae/1-0/vendors/bower_components/salvattore/dist/salvattore.min.js]
[byrushan.com/projects/mae/1-0/js/flot-charts/curved-line-chart.js]
[byrushan.com/projects/mae/1-0/js/flot-charts/bar-chart.js]
[byrushan.com/projects/mae/1-0/js/charts.js]
[byrushan.com/projects/mae/1-0/js/functions.js]
[byrushan.com/projects/mae/1-0/js/actions.js]
[byrushan.com/projects/mae/1-0/js/demo.js]
[byrushan.com/projects/mae/1-0/widgets.html]
[byrushan.com/projects/mae/1-0/vendors/bower_components/fullcalendar/dist/fullcalendar.min.css]
[byrushan.com/projects/mae/1-0/vendors/bower_components/animate.css/animate.min.css]
[byrushan.com/projects/mae/1-0/vendors/bower_components/material-design-iconic-font/dist/fonts/Material-Design-Iconic-Fontf066.woff]
[byrushan.com/projects/mae/1-0/vendors/bower_components/material-design-iconic-font/dist/fonts/Material-Design-Iconic-Fontf066.ttf]
[byrushan.com/projects/mae/1-0/vendors/bower_components/material-design-iconic-font/dist/css/material-design-iconic-font.min.css]
[byrushan.com/projects/mae/1-0/vendors/bower_components/malihu-custom-scrollbar-plugin/mCSB_buttons.png]
[byrushan.com/projects/mae/1-0/vendors/bower_components/malihu-custom-scrollbar-plugin/jquery.mCustomScrollbar.min.css]
[byrushan.com/projects/mae/1-0/vendors/bower_components/google-material-color/dist/palette.css]
[byrushan.com/projects/mae/1-0/fonts/glyphicons-halflings-regular.eot]
[byrushan.com/projects/mae/1-0/fonts/glyphicons-halflings-regulard41d.eot]
[byrushan.com/projects/mae/1-0/fonts/glyphicons-halflings-regular.woff]
[byrushan.com/projects/mae/1-0/fonts/glyphicons-halflings-regular.woff2]
[byrushan.com/projects/mae/1-0/fonts/glyphicons-halflings-regular.ttf]
[byrushan.com/projects/mae/1-0/fonts/noto-sans/NotoSans_gdi.woff]
[byrushan.com/projects/mae/1-0/fonts/noto-sans/NotoSans_Bold.woff]
[byrushan.com/projects/mae/1-0/fonts/weather-icons/weather-icons.woff]
[byrushan.com/projects/mae/1-0/img/icons/weather/0.png]
[byrushan.com/projects/mae/1-0/img/icons/weather/0@2x.png]
[byrushan.com/projects/mae/1-0/img/icons/weather/1.png]
[byrushan.com/projects/mae/1-0/img/icons/weather/1@2x.png]
[byrushan.com/projects/mae/1-0/img/icons/weather/2.png]
[byrushan.com/projects/mae/1-0/img/icons/weather/2@2x.png]
[byrushan.com/projects/mae/1-0/img/icons/weather/3.png]
[byrushan.com/projects/mae/1-0/img/icons/weather/3@2x.png]
[byrushan.com/projects/mae/1-0/img/icons/weather/5.png]
[byrushan.com/projects/mae/1-0/img/icons/weather/5@2x.png]
[byrushan.com/projects/mae/1-0/img/icons/weather/9.png]
[byrushan.com/projects/mae/1-0/img/icons/weather/9@2x.png]
[byrushan.com/projects/mae/1-0/img/icons/weather/18.png]
[byrushan.com/projects/mae/1-0/img/icons/weather/18@2x.png]
[byrushan.com/projects/mae/1-0/img/icons/weather/19.png]
[byrushan.com/projects/mae/1-0/img/icons/weather/19@2x.png]
[byrushan.com/projects/mae/1-0/img/icons/weather/24.png]
[byrushan.com/projects/mae/1-0/img/icons/weather/24@2x.png]
[byrushan.com/projects/mae/1-0/img/icons/weather/26.png]
[byrushan.com/projects/mae/1-0/img/icons/weather/26@2x.png]
[byrushan.com/projects/mae/1-0/img/icons/weather/27.png]
[byrushan.com/projects/mae/1-0/img/icons/weather/27@2x.png]
[byrushan.com/projects/mae/1-0/img/icons/weather/28.png]
[byrushan.com/projects/mae/1-0/img/icons/weather/28@2x.png]
[byrushan.com/projects/mae/1-0/img/icons/weather/31.png]
[byrushan.com/projects/mae/1-0/img/icons/weather/31@2x.png]
[byrushan.com/projects/mae/1-0/img/icons/weather/32.png]
[byrushan.com/projects/mae/1-0/img/icons/weather/32@2x.png]
[byrushan.com/projects/mae/1-0/img/select.png]
[byrushan.com/projects/mae/1-0/img/select@2x.png]
[byrushan.com/projects/mae/1-0/css/app.min.1.css]
[byrushan.com/projects/mae/1-0/img/cal-header.jpg]
[byrushan.com/projects/mae/1-0/css/app.min.2.css]
[byrushan.com/projects/mae/1-0/js/flot-charts/line-chart.js]
[byrushan.com/projects/mae/1-0/index.html]
[byrushan.com/projects/mae/1-0/vendors/bower_components/eonasdan-bootstrap-datetimepicker/build/css/bootstrap-datetimepicker.min.css]
[byrushan.com/projects/mae/1-0/img/profile-pics/profile-pic-2.jpg]
[byrushan.com/projects/mae/1-0/profile-photos.html]
[byrushan.com/projects/mae/1-0/profile-connections.html]
[byrushan.com/projects/mae/1-0/vendors/bower_components/eonasdan-bootstrap-datetimepicker/build/js/bootstrap-datetimepicker.min.js]
[byrushan.com/projects/mae/1-0/profile-about.html]
[byrushan.com/projects/mae/1-0/vendors/bower_components/bootstrap-sweetalert/lib/sweet-alert.css]
[byrushan.com/projects/mae/1-0/img/demo/note5.jpg]
[byrushan.com/projects/mae/1-0/vendors/bower_components/bootstrap-sweetalert/lib/sweet-alert.min.js]
[byrushan.com/projects/mae/1-0/alternative-header.html]
[byrushan.com/projects/mae/1-0/colored-header.html]
[byrushan.com/projects/mae/1-0/typography.html]
[byrushan.com/projects/mae/1-0/tables.html]
[byrushan.com/projects/mae/1-0/css/demo.css]
[byrushan.com/projects/mae/1-0/vendors/bootgrid/jquery.bootgrid.min.css]
[byrushan.com/projects/mae/1-0/vendors/bootgrid/jquery.bootgrid.updated.min.js]
[byrushan.com/projects/mae/1-0/data-tables.html]
[byrushan.com/projects/mae/1-0/form-elements.html]
[byrushan.com/projects/mae/1-0/vendors/bower_components/bootstrap-select/dist/css/bootstrap-select.css]
[byrushan.com/projects/mae/1-0/vendors/bower_components/nouislider/distribute/jquery.nouislider.min.css]
[byrushan.com/projects/mae/1-0/vendors/farbtastic/farbtastic.css]
[byrushan.com/projects/mae/1-0/vendors/bower_components/chosen/chosen.min.css]
[byrushan.com/projects/mae/1-0/vendors/summernote/dist/summernote.css]
[byrushan.com/projects/mae/1-0/vendors/bower_components/bootstrap-select/dist/js/bootstrap-select.js]
[byrushan.com/projects/mae/1-0/vendors/bower_components/nouislider/distribute/jquery.nouislider.all.min.js]
[byrushan.com/projects/mae/1-0/vendors/bower_components/typeahead.js/dist/typeahead.bundle.min.js]
[byrushan.com/projects/mae/1-0/vendors/summernote/dist/summernote-updated.min.js]
[byrushan.com/projects/mae/1-0/vendors/bower_components/chosen/chosen.jquery.min.js]
[byrushan.com/projects/mae/1-0/vendors/fileinput/fileinput.min.js]
[byrushan.com/projects/mae/1-0/vendors/input-mask/input-mask.min.js]
[byrushan.com/projects/mae/1-0/vendors/farbtastic/farbtastic.min.js]
[byrushan.com/projects/mae/1-0/form-components.html]
[byrushan.com/projects/mae/1-0/form-examples.html]
[byrushan.com/projects/mae/1-0/form-validations.html]
[byrushan.com/projects/mae/1-0/colors.html]
[byrushan.com/projects/mae/1-0/img/headers/sm/1.png]
[byrushan.com/projects/mae/1-0/img/headers/sm/7.png]
[byrushan.com/projects/mae/1-0/img/headers/sm/3.png]
[byrushan.com/projects/mae/1-0/img/headers/sm/8.png]
[byrushan.com/projects/mae/1-0/img/headers/sm/9.png]
[byrushan.com/projects/mae/1-0/img/headers/sm/5.png]
[byrushan.com/projects/mae/1-0/animations.html]
[byrushan.com/projects/mae/1-0/box-shadow.html]
[byrushan.com/projects/mae/1-0/buttons.html]
[byrushan.com/projects/mae/1-0/icons.html]
[byrushan.com/projects/mae/1-0/alerts.html]
[byrushan.com/projects/mae/1-0/preloaders.html]
[byrushan.com/projects/mae/1-0/notification-dialog.html]
[byrushan.com/projects/mae/1-0/vendors/bower_components/lightgallery/dist/css/lightgallery.min.css]
[byrushan.com/projects/mae/1-0/img/300x200.gif]
[byrushan.com/projects/mae/1-0/media/gallery/thumbs/1.jpg]
[byrushan.com/projects/mae/1-0/media/gallery/thumbs/2.jpg]
[byrushan.com/projects/mae/1-0/media/gallery/thumbs/3.jpg]
[byrushan.com/projects/mae/1-0/media/gallery/thumbs/4.jpg]
[byrushan.com/projects/mae/1-0/media/gallery/thumbs/5.jpg]
[byrushan.com/projects/mae/1-0/media/gallery/thumbs/6.jpg]
[byrushan.com/projects/mae/1-0/media/carousel/c-1.jpg]
[byrushan.com/projects/mae/1-0/media/carousel/c-2.jpg]
[byrushan.com/projects/mae/1-0/media/carousel/c-3.jpg]
[byrushan.com/projects/mae/1-0/vendors/bower_components/lightgallery/dist/js/lightgallery-all.min.js]
[byrushan.com/projects/mae/1-0/media.html]
[byrushan.com/projects/mae/1-0/vendors/bootstrap-wizard/jquery.bootstrap.wizard.min.js]
[byrushan.com/projects/mae/1-0/components.html]
[byrushan.com/projects/mae/1-0/other-components.html]
[byrushan.com/projects/mae/1-0/flot-charts]
[byrushan.com/projects/mae/1-0/vendors/bower_components/flot/jquery.flot.pie.js]
[byrushan.com/projects/mae/1-0/vendors/bower_components/flot.tooltip/js/jquery.flot.tooltip.min.js]
[byrushan.com/projects/mae/1-0/vendors/bower_components/flot-orderBars/js/jquery.flot.orderBars.js]
[byrushan.com/projects/mae/1-0/js/flot-charts/dynamic-chart.js]
[byrushan.com/projects/mae/1-0/js/flot-charts/pie-chart.js]
[byrushan.com/projects/mae/1-0/flot-charts.html]
[byrushan.com/projects/mae/1-0/other-charts.html]
[byrushan.com/projects/mae/1-0/media/gallery/thumbs/7.jpg]
[byrushan.com/projects/mae/1-0/media/gallery/thumbs/8.jpg]
[byrushan.com/projects/mae/1-0/media/gallery/thumbs/9.jpg]
[byrushan.com/projects/mae/1-0/media/gallery/thumbs/10.jpg]
[byrushan.com/projects/mae/1-0/media/gallery/thumbs/11.jpg]
[byrushan.com/projects/mae/1-0/media/gallery/thumbs/12.jpg]
[byrushan.com/projects/mae/1-0/media/gallery/thumbs/13.jpg]
[byrushan.com/projects/mae/1-0/media/gallery/thumbs/14.jpg]
[byrushan.com/projects/mae/1-0/media/gallery/thumbs/15.jpg]
[byrushan.com/projects/mae/1-0/media/gallery/thumbs/16.jpg]
[byrushan.com/projects/mae/1-0/media/gallery/thumbs/18.jpg]
[byrushan.com/projects/mae/1-0/media/gallery/thumbs/19.jpg]
[byrushan.com/projects/mae/1-0/media/gallery/thumbs/20.jpg]
[byrushan.com/projects/mae/1-0/media/gallery/thumbs/21.jpg]
[byrushan.com/projects/mae/1-0/media/gallery/thumbs/22.jpg]
[byrushan.com/projects/mae/1-0/media/gallery/thumbs/23.jpg]
[byrushan.com/projects/mae/1-0/media/gallery/thumbs/24.jpg]
[byrushan.com/projects/mae/1-0/photos.html]
[byrushan.com/projects/mae/1-0/media/gallery/1.jpg]
[byrushan.com/projects/mae/1-0/media/gallery/2.jpg]
[byrushan.com/projects/mae/1-0/media/gallery/3.jpg]
[byrushan.com/projects/mae/1-0/media/gallery/4.jpg]
[byrushan.com/projects/mae/1-0/media/gallery/5.jpg]
[byrushan.com/projects/mae/1-0/media/gallery/6.jpg]
[byrushan.com/projects/mae/1-0/media/gallery/7.jpg]
[byrushan.com/projects/mae/1-0/media/gallery/8.jpg]
[byrushan.com/projects/mae/1-0/media/gallery/9.jpg]
[byrushan.com/projects/mae/1-0/media/gallery/10.jpg]
[byrushan.com/projects/mae/1-0/media/gallery/11.jpg]
[byrushan.com/projects/mae/1-0/media/gallery/12.jpg]
[byrushan.com/projects/mae/1-0/media/gallery/13.jpg]
[byrushan.com/projects/mae/1-0/media/gallery/14.jpg]
[byrushan.com/projects/mae/1-0/media/gallery/15.jpg]
[byrushan.com/projects/mae/1-0/media/gallery/16.jpg]
[byrushan.com/projects/mae/1-0/media/gallery/17.jpg]
[byrushan.com/projects/mae/1-0/photo-timeline.html]
[byrushan.com/projects/mae/1-0/calendar.html]
[byrushan.com/projects/mae/1-0/generic-classes.html]
[byrushan.com/projects/mae/1-0/list-view.html]
[byrushan.com/projects/mae/1-0/messages.html]
[byrushan.com/projects/mae/1-0/pricing-table.html]
[byrushan.com/projects/mae/1-0/img/contacts/1.jpg]
[byrushan.com/projects/mae/1-0/img/contacts/2.jpg]
[byrushan.com/projects/mae/1-0/img/contacts/3.jpg]
[byrushan.com/projects/mae/1-0/img/contacts/4.jpg]
[byrushan.com/projects/mae/1-0/img/contacts/5.jpg]
[byrushan.com/projects/mae/1-0/img/contacts/6.jpg]
[byrushan.com/projects/mae/1-0/img/contacts/7.jpg]
[byrushan.com/projects/mae/1-0/img/contacts/8.jpg]
[byrushan.com/projects/mae/1-0/img/contacts/9.jpg]
[byrushan.com/projects/mae/1-0/img/contacts/10.jpg]
[byrushan.com/projects/mae/1-0/img/contacts/11.jpg]
[byrushan.com/projects/mae/1-0/img/contacts/12.jpg]
[byrushan.com/projects/mae/1-0/img/contacts/13.jpg]
[byrushan.com/projects/mae/1-0/img/contacts/14.jpg]
[byrushan.com/projects/mae/1-0/img/contacts/15.jpg]
[byrushan.com/projects/mae/1-0/img/contacts/16.jpg]
[byrushan.com/projects/mae/1-0/contacts.html]
[byrushan.com/projects/mae/1-0/media/gallery/thumbs/17.jpg]
[byrushan.com/projects/mae/1-0/media/gallery/18.jpg]
[byrushan.com/projects/mae/1-0/media/gallery/19.jpg]
[byrushan.com/projects/mae/1-0/media/gallery/20.jpg]
[byrushan.com/projects/mae/1-0/media/gallery/21.jpg]
[byrushan.com/projects/mae/1-0/media/gallery/22.jpg]
[byrushan.com/projects/mae/1-0/media/gallery/23.jpg]
[byrushan.com/projects/mae/1-0/media/gallery/24.jpg]
[byrushan.com/projects/mae/1-0/wall.html]
[byrushan.com/projects/mae/1-0/img/demo/invoice-logo.png]
[byrushan.com/projects/mae/1-0/invoice.html]
[byrushan.com/projects/mae/1-0/login.html]
[byrushan.com/projects/mae/1-0/lockscreen.html]
[byrushan.com/projects/mae/1-0/404.html]
[byrushan.com/projects/mae/1-0/fonts/glyphicons-halflings-regular.svg]
[byrushan.com/projects/mae/1-0/fonts/noto-sans/NotoSans_gdi.svg]
[byrushan.com/projects/mae/1-0/fonts/noto-sans/NotoSans_Bold.svg]
[byrushan.com/projects/mae/1-0/fonts/weather-icons/weather-icons.svg]
[byrushan.com/projects/mae/1-0/vendors/bower_components/eonasdan-bootstrap-datetimepicker/build/css/bootstrap-datetimepicker.min.css]
[byrushan.com/projects/mae/1-0/profile-photos.html]
[byrushan.com/projects/mae/1-0/profile-connections.html]
[byrushan.com/projects/mae/1-0/vendors/bower_components/bootstrap-sweetalert/lib/sweet-alert.css]
[byrushan.com/projects/mae/1-0/img/demo/note5.html]
[byrushan.com/projects/mae/1-0/css/demo.css]
[byrushan.com/projects/mae/1-0/vendors/bootgrid/jquery.bootgrid.min.css]
[byrushan.com/projects/mae/1-0/vendors/bower_components/bootstrap-select/dist/css/bootstrap-select.css]
[byrushan.com/projects/mae/1-0/vendors/bower_components/nouislider/distribute/jquery.nouislider.min.css]
[byrushan.com/projects/mae/1-0/vendors/farbtastic/wheel.png]
[byrushan.com/projects/mae/1-0/vendors/farbtastic/mask.png]
[byrushan.com/projects/mae/1-0/vendors/farbtastic/marker.png]
[byrushan.com/projects/mae/1-0/vendors/farbtastic/farbtastic.css]
[byrushan.com/projects/mae/1-0/vendors/bower_components/chosen/chosen-sprite.png]
[byrushan.com/projects/mae/1-0/vendors/bower_components/chosen/chosen-sprite@2x.png]
[byrushan.com/projects/mae/1-0/vendors/bower_components/chosen/chosen.min.css]
[byrushan.com/projects/mae/1-0/vendors/summernote/dist/summernote.css]
[byrushan.com/projects/mae/1-0/vendors/bower_components/lightgallery/dist/fonts/lgd641.eot]
[byrushan.com/projects/mae/1-0/vendors/bower_components/lightgallery/dist/fonts/lgd41d.eot]
[byrushan.com/projects/mae/1-0/vendors/bower_components/lightgallery/dist/fonts/lgd641.woff]
[byrushan.com/projects/mae/1-0/vendors/bower_components/lightgallery/dist/fonts/lgd641.ttf]
[byrushan.com/projects/mae/1-0/vendors/bower_components/lightgallery/dist/img/vimeo-play.png]
[byrushan.com/projects/mae/1-0/vendors/bower_components/lightgallery/dist/img/video-play.png]
[byrushan.com/projects/mae/1-0/vendors/bower_components/lightgallery/dist/img/youtube-play.png]
[byrushan.com/projects/mae/1-0/vendors/bower_components/lightgallery/dist/img/loading.gif]
[byrushan.com/projects/mae/1-0/vendors/bower_components/lightgallery/dist/css/lightgallery.min.css]
[byrushan.com/projects/mae/1-0/flot-charts-2.html]
[byrushan.com/projects/mae/1-0/other-charts.html]
[byrushan.com/projects/mae/1-0/vendors/bower_components/lightgallery/dist/fonts/lgd641.svg]
